<?xml version="1.0" encoding="UTF-8"?>
<!-- Generated by org.testng.reporters.JUnitReportReporter -->
<testsuite hostname="WSHYD-079" failures="0" tests="1" name="com.MyTests.ExtentReport" time="5.570" errors="0" timestamp="2022-07-12T16:41:10 IST" skipped="0">
  <testcase classname="com.MyTests.ExtentReport" name="extentReportsDemo" time="5.570"/>
  <system-out/>
</testsuite> <!-- com.MyTests.ExtentReport -->
