<?xml version="1.0" encoding="UTF-8"?>
<!-- Generated by org.testng.reporters.JUnitReportReporter -->
<testsuite hostname="WSHYD-079" failures="0" tests="3" name="com.MyTests.LoginTest" time="26.971" errors="0" timestamp="2022-07-12T20:08:25 IST" skipped="0">
  <testcase classname="com.MyTests.LoginTest" name="doLogin" time="8.446"/>
  <system-out/>
  <testcase classname="com.MyTests.LoginTest" name="verifyLoginPageTitleTest" time="9.322"/>
  <system-out/>
  <testcase classname="com.MyTests.LoginTest" name="verifyLoginPageHeaderTest" time="9.203"/>
  <system-out/>
</testsuite> <!-- com.MyTests.LoginTest -->
