<?xml version="1.0" encoding="UTF-8"?>
<!-- Generated by org.testng.reporters.JUnitReportReporter -->
<testsuite hostname="WSHYD-079" failures="0" tests="6" name="com.MyTests.LoginTest" time="136.671" errors="0" timestamp="2022-07-11T19:04:52 IST" skipped="0">
  <testcase classname="com.MyTests.LoginTest" name="doLogin" time="34.925"/>
  <system-out/>
  <testcase classname="com.MyTests.LoginTest" name="doLogin" time="10.941"/>
  <system-out/>
  <testcase classname="com.MyTests.LoginTest" name="verifyLoginPageTitleTest" time="11.032"/>
  <system-out/>
  <testcase classname="com.MyTests.LoginTest" name="verifyLoginPageTitleTest" time="34.962"/>
  <system-out/>
  <testcase classname="com.MyTests.LoginTest" name="verifyLoginPageHeaderTest" time="35.176"/>
  <system-out/>
  <testcase classname="com.MyTests.LoginTest" name="verifyLoginPageHeaderTest" time="9.635"/>
  <system-out/>
</testsuite> <!-- com.MyTests.LoginTest -->
